01/22/2020 13:16:47 INICIANDO...
01/22/2020 13:16:47 2.4.0.21
01/22/2020 13:16:47 Usuário: 17783(Administrador)
01/22/2020 13:16:47 Versão do Sistema Operacional: 6.2.9200
01/22/2020 13:16:47 64 Bits: true
01/22/2020 13:16:47   ( 0.7 )
01/22/2020 13:16:47 UAC: Ativado
01/22/2020 13:16:47 Verificando se Mozilla Firefox está instalado...
01/22/2020 13:16:47 Mozilla Firefox não instalado.
01/22/2020 13:16:47 [1: Ajustando ambiente] Verificando...
01/22/2020 13:16:47 [1: Ajustando ambiente] Corrigindo TLS.
01/22/2020 13:16:47 [1: Ajustando ambiente] Ok.
01/22/2020 13:16:47 [2: Ajustes iniciais] Verificando...
01/22/2020 13:16:47 [2: Ajustes iniciais] Ok.
01/22/2020 13:16:47 [3: Instalação dos certificados raíz] Verificando...
01/22/2020 13:16:47 [3: Instalação dos certificados raíz] Efetuando download do instalador...
01/22/2020 13:16:55 [3: Instalação dos certificados raíz] Instalando...
01/22/2020 13:16:55 [3: Instalação dos certificados raíz] Ok.
01/22/2020 13:16:55 [5: Ajustes adicionais] Verificando...
01/22/2020 13:16:55 [5: Ajustes adicionais] Limpando...
01/22/2020 13:16:55 [5: Ajustes adicionais] Ok.
01/22/2020 13:16:55 [7: Instalando módulo de segurança] Verificando...
01/22/2020 13:16:55 [7: Instalando módulo de segurança] Efetuando download do instalador...
01/22/2020 13:17:01 [7: Instalando módulo de segurança] Instalando...
01/22/2020 13:17:14 [7: Instalando módulo de segurança] Ok.
01/22/2020 13:17:14 [8: Preparando módulo de segurança] Verificando...
01/22/2020 13:17:14 [8: Preparando módulo de segurança] Ok.
01/22/2020 13:17:14 [9: Finalizando a instalação] Verificando...
01/22/2020 13:17:14 [9: Finalizando a instalação] Ok.
01/22/2020 13:17:14 [10: Validando a instalação] Verificando...
01/22/2020 13:17:48 [10: Validando a instalação] Ok.
01/22/2020 13:17:48 [12: Ajustando ambiente] Verificando...
01/22/2020 13:17:48 [12: Ajustando ambiente] Ok.
01/22/2020 13:17:48 [13: Concluindo ajustes] Verificando...
01/22/2020 13:17:49 [13: Concluindo ajustes] CONCLUÍDO.
01/22/2020 13:17:49 CONCLUÍDO.
